2024/08/07 14:33:47 [notice] 1#1: using the "epoll" event method
2024/08/07 14:33:47 [notice] 1#1: nginx/1.27.0
2024/08/07 14:33:47 [notice] 1#1: built by gcc 13.2.1 20231014 (Alpine 13.2.1_git20231014) 
2024/08/07 14:33:47 [notice] 1#1: OS: Linux 5.15.153.1-microsoft-standard-WSL2
2024/08/07 14:33:47 [notice] 1#1: getrlimit(RLIMIT_NOFILE): 1048576:1048576
2024/08/07 14:33:47 [notice] 1#1: start worker processes
2024/08/07 14:33:47 [notice] 1#1: start worker process 36
2024/08/07 14:33:47 [notice] 1#1: start worker process 37
2024/08/07 14:33:47 [notice] 1#1: start worker process 38
2024/08/07 17:06:54 [notice] 1#1: signal 3 (SIGQUIT) received, shutting down
2024/08/07 17:06:54 [notice] 37#37: gracefully shutting down
2024/08/07 17:06:54 [notice] 38#38: gracefully shutting down
2024/08/07 17:06:54 [notice] 36#36: gracefully shutting down
2024/08/07 17:06:54 [notice] 38#38: exiting
2024/08/07 17:06:54 [notice] 36#36: exiting
2024/08/07 17:06:54 [notice] 36#36: exit
2024/08/07 17:06:54 [notice] 38#38: exit
2024/08/07 17:06:55 [notice] 1#1: signal 17 (SIGCHLD) received from 38
2024/08/07 17:06:55 [notice] 1#1: worker process 38 exited with code 0
2024/08/07 17:06:55 [notice] 1#1: signal 29 (SIGIO) received
2024/08/07 17:06:55 [notice] 1#1: signal 17 (SIGCHLD) received from 36
2024/08/07 17:06:55 [notice] 1#1: worker process 36 exited with code 0
2024/08/07 17:06:55 [notice] 1#1: signal 29 (SIGIO) received
2024/08/07 17:07:05 [notice] 1#1: using the "epoll" event method
2024/08/07 17:07:05 [notice] 1#1: nginx/1.27.0
2024/08/07 17:07:05 [notice] 1#1: built by gcc 13.2.1 20231014 (Alpine 13.2.1_git20231014) 
2024/08/07 17:07:05 [notice] 1#1: OS: Linux 5.15.153.1-microsoft-standard-WSL2
2024/08/07 17:07:05 [notice] 1#1: getrlimit(RLIMIT_NOFILE): 1048576:1048576
2024/08/07 17:07:05 [notice] 1#1: start worker processes
2024/08/07 17:07:05 [notice] 1#1: start worker process 35
2024/08/07 17:07:05 [notice] 1#1: start worker process 36
2024/08/07 17:07:05 [notice] 1#1: start worker process 37
